{
  "RSpec": {
    "coverage": {
      "/Users/VishnuKumar.Sharma/apps/rb_apps/payment_request_sync/contractor_app/config/environment.rb": {
        "lines": [
          null,
          1,
          null,
          null,
          1
        ]
      },
      "/Users/VishnuKumar.Sharma/apps/rb_apps/payment_request_sync/contractor_app/config/application.rb": {
        "lines": [
          1,
          null,
          1,
          null,
          null,
          null,
          1,
          null,
          1,
          1,
          null,
          1,
          null,
          null,
          null,
          null,
          null,
          null,
          null,
          null,
          null,
          null
        ]
      },
      "/Users/VishnuKumar.Sharma/apps/rb_apps/payment_request_sync/contractor_app/config/boot.rb": {
        "lines": [
          1,
          null,
          1,
          1
        ]
      },
      "/Users/VishnuKumar.Sharma/apps/rb_apps/payment_request_sync/contractor_app/config/environments/test.rb": {
        "lines": [
          1,
          null,
          null,
          null,
          null,
          null,
          null,
          1,
          null,
          null,
          null,
          1,
          null,
          null,
          null,
          null,
          1,
          null,
          null,
          1,
          1,
          null,
          null,
          null,
          null,
          1,
          1,
          1,
          null,
          null,
          1,
          null,
          null,
          1,
          null,
          null,
          1,
          null,
          1,
          null,
          null,
          null,
          null,
          1,
          null,
          null,
          1,
          null,
          null,
          1,
          null,
          null,
          1,
          null,
          null,
          null,
          null,
          null,
          null,
          null
        ]
      },
      "/Users/VishnuKumar.Sharma/apps/rb_apps/payment_request_sync/contractor_app/config/initializers/assets.rb": {
        "lines": [
          null,
          null,
          null,
          1,
          null,
          null,
          null,
          null,
          null,
          null,
          null,
          null
        ]
      },
      "/Users/VishnuKumar.Sharma/apps/rb_apps/payment_request_sync/contractor_app/config/initializers/content_security_policy.rb": {
        "lines": [
          null,
          null,
          null,
          null,
          null,
          null,
          null,
          null,
          null,
          null,
          null,
          null,
          null,
          null,
          null,
          null,
          null,
          null,
          null,
          null,
          null,
          null,
          null,
          null,
          null
        ]
      },
      "/Users/VishnuKumar.Sharma/apps/rb_apps/payment_request_sync/contractor_app/config/initializers/filter_parameter_logging.rb": {
        "lines": [
          null,
          null,
          null,
          null,
          null,
          1,
          null,
          null
        ]
      },
      "/Users/VishnuKumar.Sharma/apps/rb_apps/payment_request_sync/contractor_app/config/initializers/inflections.rb": {
        "lines": [
          null,
          null,
          null,
          null,
          null,
          null,
          null,
          null,
          null,
          null,
          null,
          null,
          null,
          null,
          null,
          null
        ]
      },
      "/Users/VishnuKumar.Sharma/apps/rb_apps/payment_request_sync/contractor_app/config/initializers/permissions_policy.rb": {
        "lines": [
          null,
          null,
          null,
          null,
          null,
          null,
          null,
          null,
          null,
          null,
          null
        ]
      },
      "/Users/VishnuKumar.Sharma/apps/rb_apps/payment_request_sync/contractor_app/karafka.rb": {
        "lines": [
          null,
          null,
          1,
          null,
          1,
          1,
          1,
          1,
          null,
          null,
          1,
          null,
          null,
          null,
          null,
          null,
          null,
          1,
          null,
          null,
          1,
          null,
          null,
          null,
          1,
          1,
          null,
          null,
          null
        ]
      },
      "/Users/VishnuKumar.Sharma/apps/rb_apps/payment_request_sync/contractor_app/app/consumers/example_consumer.rb": {
        "lines": [
          null,
          null,
          null,
          1,
          1,
          0,
          null,
          null,
          null,
          null,
          null,
          null,
          null,
          null,
          null,
          null
        ]
      },
      "/Users/VishnuKumar.Sharma/apps/rb_apps/payment_request_sync/contractor_app/app/consumers/application_consumer.rb": {
        "lines": [
          null,
          null,
          null,
          null,
          null,
          1,
          null
        ]
      },
      "/Users/VishnuKumar.Sharma/apps/rb_apps/payment_request_sync/contractor_app/config/routes.rb": {
        "lines": [
          1,
          1,
          null,
          null,
          null,
          null,
          null
        ]
      },
      "/Users/VishnuKumar.Sharma/apps/rb_apps/payment_request_sync/contractor_app/app/helpers/application_helper.rb": {
        "lines": [
          1,
          null
        ]
      },
      "/Users/VishnuKumar.Sharma/apps/rb_apps/payment_request_sync/contractor_app/app/helpers/payment_requests_helper.rb": {
        "lines": [
          1,
          null
        ]
      },
      "/Users/VishnuKumar.Sharma/apps/rb_apps/payment_request_sync/contractor_app/app/models/payment_request.rb": {
        "lines": [
          1,
          1,
          null
        ]
      },
      "/Users/VishnuKumar.Sharma/apps/rb_apps/payment_request_sync/contractor_app/app/models/application_record.rb": {
        "lines": [
          1,
          1,
          null
        ]
      },
      "/Users/VishnuKumar.Sharma/apps/rb_apps/payment_request_sync/contractor_app/app/controllers/payment_requests_controller.rb": {
        "lines": [
          1,
          1,
          null,
          null,
          1,
          1,
          null,
          null,
          null,
          1,
          null,
          null,
          null,
          1,
          1,
          null,
          null,
          null,
          1,
          null,
          null,
          null,
          1,
          4,
          null,
          4,
          4,
          4,
          2,
          null,
          4,
          2,
          null,
          null,
          null,
          null,
          null,
          1,
          3,
          3,
          4,
          2,
          null,
          2,
          1,
          null,
          null,
          null,
          null,
          null,
          1,
          2,
          null,
          2,
          4,
          2,
          null,
          null,
          null,
          1,
          null,
          null,
          1,
          7,
          null,
          null,
          null,
          1,
          7,
          null,
          null
        ]
      },
      "/Users/VishnuKumar.Sharma/apps/rb_apps/payment_request_sync/contractor_app/app/controllers/application_controller.rb": {
        "lines": [
          1,
          null
        ]
      }
    },
    "timestamp": 1659023065
  }
}
